{"numTotalTestSuites":102,"numPassedTestSuites":102,"numFailedTestSuites":0,"numPendingTestSuites":0,"numTotalTests":249,"numPassedTests":249,"numFailedTests":0,"numPendingTests":0,"numTodoTests":0,"snapshot":{"added":0,"failure":false,"filesAdded":0,"filesRemoved":0,"filesRemovedList":[],"filesUnmatched":0,"filesUpdated":0,"matched":0,"total":0,"unchecked":0,"uncheckedKeysByFile":[],"unmatched":0,"updated":0,"didUpdate":false},"startTime":1779220145278,"success":true,"testResults":[{"assertionResults":[{"ancestorTitles":["DecisionNode"],"fullName":"DecisionNode getRenderData returns correct DTO","status":"passed","title":"getRenderData returns correct DTO","duration":1.810200000000009,"failureMessages":[],"meta":{},"tags":[]},{"ancestorTitles":["DecisionNode"],"fullName":"DecisionNode getNext(true) returns yesChildId","status":"passed","title":"getNext(true) returns yesChildId","duration":0.1905999999999608,"failureMessages":[],"meta":{},"tags":[]},{"ancestorTitles":["DecisionNode"],"fullName":"DecisionNode getNext(false) returns noChildId","status":"passed","title":"getNext(false) returns noChildId","duration":0.1604000000000383,"failureMessages":[],"meta":{},"tags":[]},{"ancestorTitles":["DecisionNode"],"fullName":"DecisionNode getPrevious returns parentId","status":"passed","title":"getPrevious returns parentId","duration":0.12419999999997344,"failureMessages":[],"meta":{},"tags":[]},{"ancestorTitles":["LeafNode"],"fullName":"LeafNode getRenderData returns correct DTO","status":"passed","title":"getRenderData returns correct DTO","duration":0.29410000000001446,"failureMessages":[],"meta":{},"tags":[]},{"ancestorTitles":["LeafNode"],"fullName":"LeafNode getNext always returns null","status":"passed","title":"getNext always returns null","duration":0.19110000000000582,"failureMessages":[],"meta":{},"tags":[]},{"ancestorTitles":["LeafNode"],"fullName":"LeafNode getPrevious returns parentId","status":"passed","title":"getPrevious returns parentId","duration":0.12530000000003838,"failureMessages":[],"meta":{},"tags":[]},{"ancestorTitles":["TreeStructure"],"fullName":"TreeStructure getRootId returns the root","status":"passed","title":"getRootId returns the root","duration":0.13009999999997035,"failureMessages":[],"meta":{},"tags":[]},{"ancestorTitles":["TreeStructure"],"fullName":"TreeStructure getNode returns DecisionNode for decision nodes","status":"passed","title":"getNode returns DecisionNode for decision nodes","duration":0.30270000000001573,"failureMessages":[],"meta":{},"tags":[]},{"ancestorTitles":["TreeStructure"],"fullName":"TreeStructure getNode returns LeafNode for leaf nodes","status":"passed","title":"getNode returns LeafNode for leaf nodes","duration":0.1956000000000131,"failureMessages":[],"meta":{},"tags":[]},{"ancestorTitles":["TreeStructure"],"fullName":"TreeStructure calculates parentId correctly","status":"passed","title":"calculates parentId correctly","duration":0.2178000000000111,"failureMessages":[],"meta":{},"tags":[]},{"ancestorTitles":["TreeStructure"],"fullName":"TreeStructure returns null for unknown node","status":"passed","title":"returns null for unknown node","duration":0.1139999999999759,"failureMessages":[],"meta":{},"tags":[]},{"ancestorTitles":["TreeStructure"],"fullName":"TreeStructure getAllNodes returns all nodes","status":"passed","title":"getAllNodes returns all nodes","duration":0.09850000000000136,"failureMessages":[],"meta":{},"tags":[]},{"ancestorTitles":["EvaluationEngine"],"fullName":"EvaluationEngine getNodeRenderData returns DTO for valid id","status":"passed","title":"getNodeRenderData returns DTO for valid id","duration":0.14039999999999964,"failureMessages":[],"meta":{},"tags":[]},{"ancestorTitles":["EvaluationEngine"],"fullName":"EvaluationEngine getNodeRenderData returns null for invalid id","status":"passed","title":"getNodeRenderData returns null for invalid id","duration":0.10190000000000055,"failureMessages":[],"meta":{},"tags":[]},{"ancestorTitles":["EvaluationEngine","getEvaluationPath"],"fullName":"EvaluationEngine getEvaluationPath returns only root when no answers","status":"passed","title":"returns only root when no answers","duration":0.5807000000000357,"failureMessages":[],"meta":{},"tags":[]},{"ancestorTitles":["EvaluationEngine","getEvaluationPath"],"fullName":"EvaluationEngine getEvaluationPath follows YES path: N1=yes → N2","status":"passed","title":"follows YES path: N1=yes → N2","duration":0.13440000000002783,"failureMessages":[],"meta":{},"tags":[]},{"ancestorTitles":["EvaluationEngine","getEvaluationPath"],"fullName":"EvaluationEngine getEvaluationPath follows NO path: N1=no → L1 (pass)","status":"passed","title":"follows NO path: N1=no → L1 (pass)","duration":0.08940000000001191,"failureMessages":[],"meta":{},"tags":[]},{"ancestorTitles":["EvaluationEngine","getEvaluationPath"],"fullName":"EvaluationEngine getEvaluationPath full path to fail: N1=yes, N2=no, N3=no, N4=no → L3","status":"passed","title":"full path to fail: N1=yes, N2=no, N3=no, N4=no → L3","duration":0.0946999999999889,"failureMessages":[],"meta":{},"tags":[]},{"ancestorTitles":["EvaluationEngine","getEvaluationPath"],"fullName":"EvaluationEngine getEvaluationPath full path to not_applicable: N1=yes, N2=no, N3=yes → L2","status":"passed","title":"full path to not_applicable: N1=yes, N2=no, N3=yes → L2","duration":0.09699999999997999,"failureMessages":[],"meta":{},"tags":[]},{"ancestorTitles":["EvaluationEngine","getEvaluationPath"],"fullName":"EvaluationEngine getEvaluationPath full path to pass via N4: N1=yes, N2=no, N3=no, N4=yes → L1","status":"passed","title":"full path to pass via N4: N1=yes, N2=no, N3=no, N4=yes → L1","duration":0.07279999999997244,"failureMessages":[],"meta":{},"tags":[]},{"ancestorTitles":["TreeStructure (backend map format)"],"fullName":"TreeStructure (backend map format) getRootId returns the root","status":"passed","title":"getRootId returns the root","duration":0.04969999999997299,"failureMessages":[],"meta":{},"tags":[]},{"ancestorTitles":["TreeStructure (backend map format)"],"fullName":"TreeStructure (backend map format) parses decision nodes correctly","status":"passed","title":"parses decision nodes correctly","duration":0.08139999999997372,"failureMessages":[],"meta":{},"tags":[]},{"ancestorTitles":["TreeStructure (backend map format)"],"fullName":"TreeStructure (backend map format) parses leaf nodes correctly","status":"passed","title":"parses leaf nodes correctly","duration":0.06349999999997635,"failureMessages":[],"meta":{},"tags":[]},{"ancestorTitles":["TreeStructure (backend map format)"],"fullName":"TreeStructure (backend map format) preserves parent_id from backend","status":"passed","title":"preserves parent_id from backend","duration":0.05169999999998254,"failureMessages":[],"meta":{},"tags":[]},{"ancestorTitles":["TreeStructure (backend map format)"],"fullName":"TreeStructure (backend map format) getAllNodes returns all 7 nodes","status":"passed","title":"getAllNodes returns all 7 nodes","duration":0.03480000000001837,"failureMessages":[],"meta":{},"tags":[]},{"ancestorTitles":["EvaluationEngine (backend map format)"],"fullName":"EvaluationEngine (backend map format) path with no answers stops at root","status":"passed","title":"path with no answers stops at root","duration":0.05119999999999436,"failureMessages":[],"meta":{},"tags":[]},{"ancestorTitles":["EvaluationEngine (backend map format)"],"fullName":"EvaluationEngine (backend map format) full path to fail matches array format behavior","status":"passed","title":"full path to fail matches array format behavior","duration":0.05320000000000391,"failureMessages":[],"meta":{},"tags":[]},{"ancestorTitles":["EvaluationEngine (backend map format)"],"fullName":"EvaluationEngine (backend map format) full path to not_applicable","status":"passed","title":"full path to not_applicable","duration":0.05110000000001946,"failureMessages":[],"meta":{},"tags":[]}],"startTime":1779220148948,"endTime":1779220148955.0532,"status":"passed","message":"","name":"C:/Users/User/Desktop/MVP/frontend/tests/domain.test.js"},{"assertionResults":[{"ancestorTitles":["RequirementEvaluationWidget (Integrazione)"],"fullName":"RequirementEvaluationWidget (Integrazione) dovrebbe inizializzare l'intero ecosistema, renderizzare il canvas SVG e mostrare il badge iniziale","status":"passed","title":"dovrebbe inizializzare l'intero ecosistema, renderizzare il canvas SVG e mostrare il badge iniziale","duration":71.79539999999997,"failureMessages":[],"meta":{},"tags":[]},{"ancestorTitles":["RequirementEvaluationWidget (Integrazione)"],"fullName":"RequirementEvaluationWidget (Integrazione) Dovrebbe guidare l'utente attraverso un percorso di valutazione completo cambiando lo stato tra i componenti","status":"passed","title":"Dovrebbe guidare l'utente attraverso un percorso di valutazione completo cambiando lo stato tra i componenti","duration":47.134199999999964,"failureMessages":[],"meta":{},"tags":[]},{"ancestorTitles":["RequirementEvaluationWidget (Integrazione)"],"fullName":"RequirementEvaluationWidget (Integrazione) Dovrebbe gestire l'inserimento delle giustificazioni, bloccare i pulsanti e mostrare gli stati di salvataggio sequenziali","status":"passed","title":"Dovrebbe gestire l'inserimento delle giustificazioni, bloccare i pulsanti e mostrare gli stati di salvataggio sequenziali","duration":30.045100000000275,"failureMessages":[],"meta":{},"tags":[]},{"ancestorTitles":["RequirementEvaluationWidget (Integrazione)"],"fullName":"RequirementEvaluationWidget (Integrazione) Dovrebbe inserire le risposte pre-salvate, illuminare il percorso completato nell'SVG, mostrare il badge finale corretto e gestire la chiusura della sidebar","status":"passed","title":"Dovrebbe inserire le risposte pre-salvate, illuminare il percorso completato nell'SVG, mostrare il badge finale corretto e gestire la chiusura della sidebar","duration":31.97380000000021,"failureMessages":[],"meta":{},"tags":[]},{"ancestorTitles":["RequirementEvaluationWidget (Integrazione)"],"fullName":"RequirementEvaluationWidget (Integrazione) Dovrebbe aggiornare dinamicamente il contesto della sidebar quando un nodo attivo viene cliccato direttamente sul canvas SVG","status":"passed","title":"Dovrebbe aggiornare dinamicamente il contesto della sidebar quando un nodo attivo viene cliccato direttamente sul canvas SVG","duration":20.28139999999985,"failureMessages":[],"meta":{},"tags":[]},{"ancestorTitles":["RequirementEvaluationWidget (Integrazione)"],"fullName":"RequirementEvaluationWidget (Integrazione) Dovrebbe eseguire il flusso di lavoro separato passo dopo passo: modificare il testo, fare clic su salva e quindi chiudere la sidebar manualmente","status":"passed","title":"Dovrebbe eseguire il flusso di lavoro separato passo dopo passo: modificare il testo, fare clic su salva e quindi chiudere la sidebar manualmente","duration":25.302599999999984,"failureMessages":[],"meta":{},"tags":[]},{"ancestorTitles":["RequirementEvaluationWidget (Integrazione)"],"fullName":"RequirementEvaluationWidget (Integrazione) Dovrebbe consentire sempre la generazione del report anche senza valutazione, integrando i dati della sessione corrente in modo sicuro","status":"passed","title":"Dovrebbe consentire sempre la generazione del report anche senza valutazione, integrando i dati della sessione corrente in modo sicuro","duration":20.20719999999983,"failureMessages":[],"meta":{},"tags":[]}],"startTime":1779220147373,"endTime":1779220147621.2073,"status":"passed","message":"","name":"C:/Users/User/Desktop/MVP/frontend/tests/integration/test_RequirementEvaluation.integration.spec.js"},{"assertionResults":[{"ancestorTitles":["Ecosistema RequirementEvaluation (Integrazione Navigazione)"],"fullName":"Ecosistema RequirementEvaluation (Integrazione Navigazione) Dovrebbe trasmettere la prop requirementsUrl fino al tag anchor reale all'interno della sidebar","status":"passed","title":"Dovrebbe trasmettere la prop requirementsUrl fino al tag anchor reale all'interno della sidebar","duration":49.78369999999995,"failureMessages":[],"meta":{},"tags":[]},{"ancestorTitles":["Ecosistema RequirementEvaluation (Integrazione Navigazione)"],"fullName":"Ecosistema RequirementEvaluation (Integrazione Navigazione) Dovrebbe consentire il comportamento di navigazione predefinito quando il link di ritorno viene attivato dall'utente","status":"passed","title":"Dovrebbe consentire il comportamento di navigazione predefinito quando il link di ritorno viene attivato dall'utente","duration":32.13749999999982,"failureMessages":[],"meta":{},"tags":[]}],"startTime":1779220147372,"endTime":1779220147454.1375,"status":"passed","message":"","name":"C:/Users/User/Desktop/MVP/frontend/tests/integration/test_RequirementEvaluationRouter.integration.spec.js"},{"assertionResults":[{"ancestorTitles":["Configurazione assetFormFields","Campo name"],"fullName":"Configurazione assetFormFields Campo name Dovrebbe avere un valore iniziale vuoto","status":"passed","title":"Dovrebbe avere un valore iniziale vuoto","duration":1.1562999999999874,"failureMessages":[],"meta":{},"tags":[]},{"ancestorTitles":["Configurazione assetFormFields","Campo name"],"fullName":"Configurazione assetFormFields Campo name Dovrebbe forzare la regola obbligatoria (non può essere vuoto o contenere solo spazi)","status":"passed","title":"Dovrebbe forzare la regola obbligatoria (non può essere vuoto o contenere solo spazi)","duration":0.2265000000000157,"failureMessages":[],"meta":{},"tags":[]},{"ancestorTitles":["Configurazione assetFormFields","Campo assetType"],"fullName":"Configurazione assetFormFields Campo assetType Dovrebbe avere un valore iniziale vuoto","status":"passed","title":"Dovrebbe avere un valore iniziale vuoto","duration":0.13280000000000314,"failureMessages":[],"meta":{},"tags":[]},{"ancestorTitles":["Configurazione assetFormFields","Campo assetType"],"fullName":"Configurazione assetFormFields Campo assetType Dovrebbe forzare la regola obbligatoria (è necessario selezionare una tipologia)","status":"passed","title":"Dovrebbe forzare la regola obbligatoria (è necessario selezionare una tipologia)","duration":0.14150000000000773,"failureMessages":[],"meta":{},"tags":[]},{"ancestorTitles":["Configurazione assetFormFields","Campo description"],"fullName":"Configurazione assetFormFields Campo description Dovrebbe avere un valore iniziale vuoto","status":"passed","title":"Dovrebbe avere un valore iniziale vuoto","duration":0.0992999999999995,"failureMessages":[],"meta":{},"tags":[]},{"ancestorTitles":["Configurazione assetFormFields","Campo description"],"fullName":"Configurazione assetFormFields Campo description Dovrebbe avere un array di regole vuoto (nessuna validazione richiesta)","status":"passed","title":"Dovrebbe avere un array di regole vuoto (nessuna validazione richiesta)","duration":0.47919999999999163,"failureMessages":[],"meta":{},"tags":[]}],"startTime":1779220149441,"endTime":1779220149443.4792,"status":"passed","message":"","name":"C:/Users/User/Desktop/MVP/frontend/tests/unit/shared/test_assetFormFields.spec.js"},{"assertionResults":[{"ancestorTitles":["Configurazione deviceFormFields","Campo deviceName"],"fullName":"Configurazione deviceFormFields Campo deviceName Dovrebbe avere un valore iniziale vuoto","status":"passed","title":"Dovrebbe avere un valore iniziale vuoto","duration":0.8046999999999969,"failureMessages":[],"meta":{},"tags":[]},{"ancestorTitles":["Configurazione deviceFormFields","Campo deviceName"],"fullName":"Configurazione deviceFormFields Campo deviceName Dovrebbe forzare la regola obbligatoria (non può essere vuoto o contenere solo spazi)","status":"passed","title":"Dovrebbe forzare la regola obbligatoria (non può essere vuoto o contenere solo spazi)","duration":0.12829999999999586,"failureMessages":[],"meta":{},"tags":[]},{"ancestorTitles":["Configurazione deviceFormFields","Campo deviceName"],"fullName":"Configurazione deviceFormFields Campo deviceName Dovrebbe forzare la regola della lunghezza massima (64 caratteri)","status":"passed","title":"Dovrebbe forzare la regola della lunghezza massima (64 caratteri)","duration":0.08690000000001419,"failureMessages":[],"meta":{},"tags":[]},{"ancestorTitles":["Configurazione deviceFormFields","Campo deviceOs"],"fullName":"Configurazione deviceFormFields Campo deviceOs Dovrebbe avere un valore iniziale vuoto","status":"passed","title":"Dovrebbe avere un valore iniziale vuoto","duration":0.07919999999998595,"failureMessages":[],"meta":{},"tags":[]},{"ancestorTitles":["Configurazione deviceFormFields","Campo deviceOs"],"fullName":"Configurazione deviceFormFields Campo deviceOs Dovrebbe forzare la regola obbligatoria (non può essere vuoto o contenere solo spazi)","status":"passed","title":"Dovrebbe forzare la regola obbligatoria (non può essere vuoto o contenere solo spazi)","duration":0.1262999999999863,"failureMessages":[],"meta":{},"tags":[]},{"ancestorTitles":["Configurazione deviceFormFields","Campo deviceOs"],"fullName":"Configurazione deviceFormFields Campo deviceOs Dovrebbe forzare la regola della lunghezza massima (64 caratteri)","status":"passed","title":"Dovrebbe forzare la regola della lunghezza massima (64 caratteri)","duration":0.07179999999999609,"failureMessages":[],"meta":{},"tags":[]},{"ancestorTitles":["Configurazione deviceFormFields","Campo deviceDescription"],"fullName":"Configurazione deviceFormFields Campo deviceDescription Dovrebbe avere un valore iniziale vuoto","status":"passed","title":"Dovrebbe avere un valore iniziale vuoto","duration":0.048399999999986676,"failureMessages":[],"meta":{},"tags":[]},{"ancestorTitles":["Configurazione deviceFormFields","Campo deviceDescription"],"fullName":"Configurazione deviceFormFields Campo deviceDescription Dovrebbe consentire stringhe vuote poiché non è strettamente obbligatorio","status":"passed","title":"Dovrebbe consentire stringhe vuote poiché non è strettamente obbligatorio","duration":0.052600000000012415,"failureMessages":[],"meta":{},"tags":[]},{"ancestorTitles":["Configurazione deviceFormFields","Campo deviceDescription"],"fullName":"Configurazione deviceFormFields Campo deviceDescription Dovrebbe forzare la regola della lunghezza massima (512 caratteri)","status":"passed","title":"Dovrebbe forzare la regola della lunghezza massima (512 caratteri)","duration":0.07200000000000273,"failureMessages":[],"meta":{},"tags":[]}],"startTime":1779220149589,"endTime":1779220149591.072,"status":"passed","message":"","name":"C:/Users/User/Desktop/MVP/frontend/tests/unit/shared/test_deviceFormFields.spec.js"},{"assertionResults":[{"ancestorTitles":["Utility condivisa navigationGuard"],"fullName":"Utility condivisa navigationGuard Dovrebbe abilitare la guardia aggiungendo l'event listener beforeunload","status":"passed","title":"Dovrebbe abilitare la guardia aggiungendo l'event listener beforeunload","duration":4.37259999999992,"failureMessages":[],"meta":{},"tags":[]},{"ancestorTitles":["Utility condivisa navigationGuard"],"fullName":"Utility condivisa navigationGuard Dovrebbe disabilitare la guardia rimuovendo l'event listener beforeunload","status":"passed","title":"Dovrebbe disabilitare la guardia rimuovendo l'event listener beforeunload","duration":0.7924000000000433,"failureMessages":[],"meta":{},"tags":[]},{"ancestorTitles":["Utility condivisa navigationGuard"],"fullName":"Utility condivisa navigationGuard Dovrebbe disabilitare temporaneamente la guardia e riabilitarla al termine del timeout","status":"passed","title":"Dovrebbe disabilitare temporaneamente la guardia e riabilitarla al termine del timeout","duration":1.755600000000186,"failureMessages":[],"meta":{},"tags":[]}],"startTime":1779220149506,"endTime":1779220149513.7556,"status":"passed","message":"","name":"C:/Users/User/Desktop/MVP/frontend/tests/unit/shared/test_navigationGuard.spec.js"},{"assertionResults":[{"ancestorTitles":["useFormModel composable"],"fullName":"useFormModel composable Inizializza correttamente campi ed errori in base alle definizioni","status":"passed","title":"Inizializza correttamente campi ed errori in base alle definizioni","duration":2.2819000000000074,"failureMessages":[],"meta":{},"tags":[]},{"ancestorTitles":["useFormModel composable"],"fullName":"useFormModel composable Valida un singolo campo rispettando rigorosamente l’ordine delle regole","status":"passed","title":"Valida un singolo campo rispettando rigorosamente l’ordine delle regole","duration":0.5536999999999921,"failureMessages":[],"meta":{},"tags":[]},{"ancestorTitles":["useFormModel composable"],"fullName":"useFormModel composable Valida tutti i campi contemporaneamente con validate()","status":"passed","title":"Valida tutti i campi contemporaneamente con validate()","duration":0.526299999999992,"failureMessages":[],"meta":{},"tags":[]},{"ancestorTitles":["useFormModel composable"],"fullName":"useFormModel composable Imposta correttamente gli errori del server e ignora i campi sconosciuti","status":"passed","title":"Imposta correttamente gli errori del server e ignora i campi sconosciuti","duration":0.34090000000000487,"failureMessages":[],"meta":{},"tags":[]},{"ancestorTitles":["useFormModel composable"],"fullName":"useFormModel composable Reimposta completamente campi ed errori allo stato iniziale","status":"passed","title":"Reimposta completamente campi ed errori allo stato iniziale","duration":0.3744999999999834,"failureMessages":[],"meta":{},"tags":[]}],"startTime":1779220149211,"endTime":1779220149215.3745,"status":"passed","message":"","name":"C:/Users/User/Desktop/MVP/frontend/tests/unit/shared/test_useFormModel.spec.js"},{"assertionResults":[{"ancestorTitles":["AssetForm"],"fullName":"AssetForm Dovrebbe renderizzare tutti gli input e popolarli con i dati iniziali dei campi","status":"passed","title":"Dovrebbe renderizzare tutti gli input e popolarli con i dati iniziali dei campi","duration":27.416400000000067,"failureMessages":[],"meta":{},"tags":[]},{"ancestorTitles":["AssetForm"],"fullName":"AssetForm Dovrebbe aggiornare l'oggetto fields in modo reattivo quando l'utente digita o seleziona le opzioni","status":"passed","title":"Dovrebbe aggiornare l'oggetto fields in modo reattivo quando l'utente digita o seleziona le opzioni","duration":9.269999999999982,"failureMessages":[],"meta":{},"tags":[]},{"ancestorTitles":["AssetForm"],"fullName":"AssetForm Dovrebbe renderizzare il contenuto passato nello slot \"actions\"","status":"passed","title":"Dovrebbe renderizzare il contenuto passato nello slot \"actions\"","duration":12.366199999999935,"failureMessages":[],"meta":{},"tags":[]}],"startTime":1779220149450,"endTime":1779220149499.3662,"status":"passed","message":"","name":"C:/Users/User/Desktop/MVP/frontend/tests/unit/components/test_AssetForm.spec.js"},{"assertionResults":[{"ancestorTitles":["AsyncButton"],"fullName":"AsyncButton Dovrebbe renderizzare con le props predefinite","status":"passed","title":"Dovrebbe renderizzare con le props predefinite","duration":21.97270000000003,"failureMessages":[],"meta":{},"tags":[]},{"ancestorTitles":["AsyncButton"],"fullName":"AsyncButton Dovrebbe renderizzare con etichette e classi personalizzate","status":"passed","title":"Dovrebbe renderizzare con etichette e classi personalizzate","duration":2.680900000000065,"failureMessages":[],"meta":{},"tags":[]},{"ancestorTitles":["AsyncButton"],"fullName":"AsyncButton Dovrebbe disabilitare il pulsante e mostrare l'etichetta di caricamento mentre l'azione è in esecuzione","status":"passed","title":"Dovrebbe disabilitare il pulsante e mostrare l'etichetta di caricamento mentre l'azione è in esecuzione","duration":3.222900000000209,"failureMessages":[],"meta":{},"tags":[]},{"ancestorTitles":["AsyncButton"],"fullName":"AsyncButton Dovrebbe impedire clic multipli durante il caricamento (protezione della concorrenza)","status":"passed","title":"Dovrebbe impedire clic multipli durante il caricamento (protezione della concorrenza)","duration":1.6227999999998701,"failureMessages":[],"meta":{},"tags":[]},{"ancestorTitles":["AsyncButton"],"fullName":"AsyncButton Dovrebbe emettere \"success\" con il risultato quando l'azione si risolve con successo","status":"passed","title":"Dovrebbe emettere \"success\" con il risultato quando l'azione si risolve con successo","duration":2.3221000000000913,"failureMessages":[],"meta":{},"tags":[]},{"ancestorTitles":["AsyncButton"],"fullName":"AsyncButton Dovrebbe emettere \"error\" e mostrare il messaggio di errore quando l'azione fallisce","status":"passed","title":"Dovrebbe emettere \"error\" e mostrare il messaggio di errore quando l'azione fallisce","duration":1.8494999999998072,"failureMessages":[],"meta":{},"tags":[]},{"ancestorTitles":["AsyncButton"],"fullName":"AsyncButton Dovrebbe cancellare gli errori precedenti quando viene avviata una nuova azione","status":"passed","title":"Dovrebbe cancellare gli errori precedenti quando viene avviata una nuova azione","duration":2.2288999999998396,"failureMessages":[],"meta":{},"tags":[]}],"startTime":1779220146829,"endTime":1779220146865.229,"status":"passed","message":"","name":"C:/Users/User/Desktop/MVP/frontend/tests/unit/components/test_AsyncButton.spec.js"},{"assertionResults":[{"ancestorTitles":["BaseModal"],"fullName":"BaseModal Dovrebbe renderizzare il contenuto dello slot predefinito correttamente","status":"passed","title":"Dovrebbe renderizzare il contenuto dello slot predefinito correttamente","duration":25.647699999999986,"failureMessages":[],"meta":{},"tags":[]},{"ancestorTitles":["BaseModal"],"fullName":"BaseModal Dovrebbe applicare la prop personalizzata contentClass al div del contenuto interno","status":"passed","title":"Dovrebbe applicare la prop personalizzata contentClass al div del contenuto interno","duration":3.639699999999948,"failureMessages":[],"meta":{},"tags":[]},{"ancestorTitles":["BaseModal"],"fullName":"BaseModal Dovrebbe emettere \"close\" quando l'overlay viene cliccato direttamente","status":"passed","title":"Dovrebbe emettere \"close\" quando l'overlay viene cliccato direttamente","duration":3.6440999999999804,"failureMessages":[],"meta":{},"tags":[]},{"ancestorTitles":["BaseModal"],"fullName":"BaseModal Non dovrebbe emettere \"close\" quando viene cliccato il contenuto interno (previene il collasso da bubbling)","status":"passed","title":"Non dovrebbe emettere \"close\" quando viene cliccato il contenuto interno (previene il collasso da bubbling)","duration":27.435000000000173,"failureMessages":[],"meta":{},"tags":[]},{"ancestorTitles":["BaseModal"],"fullName":"BaseModal Dovrebbe emettere \"close\" quando viene premuto il tasto Escape ovunque nel documento","status":"passed","title":"Dovrebbe emettere \"close\" quando viene premuto il tasto Escape ovunque nel documento","duration":1.906099999999924,"failureMessages":[],"meta":{},"tags":[]},{"ancestorTitles":["BaseModal"],"fullName":"BaseModal Non dovrebbe emettere \"close\" quando vengono premuti altri tasti","status":"passed","title":"Non dovrebbe emettere \"close\" quando vengono premuti altri tasti","duration":2.396099999999933,"failureMessages":[],"meta":{},"tags":[]},{"ancestorTitles":["BaseModal"],"fullName":"BaseModal Dovrebbe ripulire l'event listener keydown quando il componente viene smontato","status":"passed","title":"Dovrebbe ripulire l'event listener keydown quando il componente viene smontato","duration":4.367399999999861,"failureMessages":[],"meta":{},"tags":[]}],"startTime":1779220148055,"endTime":1779220148124.3674,"status":"passed","message":"","name":"C:/Users/User/Desktop/MVP/frontend/tests/unit/components/test_BaseModal.spec.js"},{"assertionResults":[{"ancestorTitles":["DeviceForm"],"fullName":"DeviceForm Dovrebbe renderizzare gli input e le textarea con i dati iniziali e i contatori di caratteri","status":"passed","title":"Dovrebbe renderizzare gli input e le textarea con i dati iniziali e i contatori di caratteri","duration":32.623600000000124,"failureMessages":[],"meta":{},"tags":[]},{"ancestorTitles":["DeviceForm"],"fullName":"DeviceForm Dovrebbe aggiornare i campi in modo reattivo e aggiornare i contatori quando l'utente digita","status":"passed","title":"Dovrebbe aggiornare i campi in modo reattivo e aggiornare i contatori quando l'utente digita","duration":7.560199999999895,"failureMessages":[],"meta":{},"tags":[]},{"ancestorTitles":["DeviceForm"],"fullName":"DeviceForm Dovrebbe applicare la classe form-input-error solo quando è presente un errore","status":"passed","title":"Dovrebbe applicare la classe form-input-error solo quando è presente un errore","duration":4.407699999999977,"failureMessages":[],"meta":{},"tags":[]},{"ancestorTitles":["DeviceForm"],"fullName":"DeviceForm Dovrebbe renderizzare lo slot delle azioni correttamente","status":"passed","title":"Dovrebbe renderizzare lo slot delle azioni correttamente","duration":19.748600000000124,"failureMessages":[],"meta":{},"tags":[]}],"startTime":1779220148097,"endTime":1779220148161.7485,"status":"passed","message":"","name":"C:/Users/User/Desktop/MVP/frontend/tests/unit/components/test_DeviceForm.spec.js"},{"assertionResults":[{"ancestorTitles":["FileDropZone"],"fullName":"FileDropZone renders default placeholder and hidden file input","status":"passed","title":"renders default placeholder and hidden file input","duration":24.81860000000006,"failureMessages":[],"meta":{},"tags":[]},{"ancestorTitles":["FileDropZone"],"fullName":"FileDropZone applies dragging classes during dragover and dragleave events","status":"passed","title":"applies dragging classes during dragover and dragleave events","duration":8.226900000000114,"failureMessages":[],"meta":{},"tags":[]},{"ancestorTitles":["FileDropZone"],"fullName":"FileDropZone handles standard file selection via click and emits \"select\"","status":"passed","title":"handles standard file selection via click and emits \"select\"","duration":7.804999999999836,"failureMessages":[],"meta":{},"tags":[]},{"ancestorTitles":["FileDropZone"],"fullName":"FileDropZone handles drag and drop of an accepted file and emits \"select\"","status":"passed","title":"handles drag and drop of an accepted file and emits \"select\"","duration":3.7881999999999607,"failureMessages":[],"meta":{},"tags":[]},{"ancestorTitles":["FileDropZone"],"fullName":"FileDropZone rejects a dropped file if the extension is not in the accept list and emits \"error\"","status":"passed","title":"rejects a dropped file if the extension is not in the accept list and emits \"error\"","duration":3.2128999999999905,"failureMessages":[],"meta":{},"tags":[]},{"ancestorTitles":["FileDropZone"],"fullName":"FileDropZone ignores drop events when the component is disabled","status":"passed","title":"ignores drop events when the component is disabled","duration":2.329200000000128,"failureMessages":[],"meta":{},"tags":[]},{"ancestorTitles":["FileDropZone"],"fullName":"FileDropZone resets the selection when the exposed reset() method is called","status":"passed","title":"resets the selection when the exposed reset() method is called","duration":3.6238999999998214,"failureMessages":[],"meta":{},"tags":[]}],"startTime":1779220148895,"endTime":1779220148948.6238,"status":"passed","message":"","name":"C:/Users/User/Desktop/MVP/frontend/tests/unit/components/test_FileDropZone.spec.js"},{"assertionResults":[{"ancestorTitles":["FileDropZone"],"fullName":"FileDropZone Dovrebbe renderizzare il placeholder predefinito e l'input del file nascosto","status":"passed","title":"Dovrebbe renderizzare il placeholder predefinito e l'input del file nascosto","duration":21.53370000000018,"failureMessages":[],"meta":{},"tags":[]},{"ancestorTitles":["FileDropZone"],"fullName":"FileDropZone Dovrebbe applicare le classi di trascinamento durante gli eventi dragover e dragleave","status":"passed","title":"Dovrebbe applicare le classi di trascinamento durante gli eventi dragover e dragleave","duration":6.923000000000002,"failureMessages":[],"meta":{},"tags":[]},{"ancestorTitles":["FileDropZone"],"fullName":"FileDropZone Dovrebbe gestire la selezione standard del file tramite clic ed emettere \"select\"","status":"passed","title":"Dovrebbe gestire la selezione standard del file tramite clic ed emettere \"select\"","duration":5.126999999999953,"failureMessages":[],"meta":{},"tags":[]},{"ancestorTitles":["FileDropZone"],"fullName":"FileDropZone Dovrebbe gestire il drag and drop di un file accettato ed emettere \"select\"","status":"passed","title":"Dovrebbe gestire il drag and drop di un file accettato ed emettere \"select\"","duration":4.0271000000000186,"failureMessages":[],"meta":{},"tags":[]},{"ancestorTitles":["FileDropZone"],"fullName":"FileDropZone Dovrebbe rifiutare un file rilasciato se l'estensione non è nella lista di quelle accettate ed emettere \"error\"","status":"passed","title":"Dovrebbe rifiutare un file rilasciato se l'estensione non è nella lista di quelle accettate ed emettere \"error\"","duration":2.679399999999987,"failureMessages":[],"meta":{},"tags":[]},{"ancestorTitles":["FileDropZone"],"fullName":"FileDropZone Dovrebbe ignorare gli eventi di drop quando il componente è disabilitato","status":"passed","title":"Dovrebbe ignorare gli eventi di drop quando il componente è disabilitato","duration":2.4694999999999254,"failureMessages":[],"meta":{},"tags":[]},{"ancestorTitles":["FileDropZone"],"fullName":"FileDropZone Dovrebbe ripristinare la selezione quando viene chiamato il metodo esposto reset()","status":"passed","title":"Dovrebbe ripristinare la selezione quando viene chiamato il metodo esposto reset()","duration":10.637099999999919,"failureMessages":[],"meta":{},"tags":[]}],"startTime":1779220148223,"endTime":1779220148276.6372,"status":"passed","message":"","name":"C:/Users/User/Desktop/MVP/frontend/tests/unit/components/test_FormField.spec.js"},{"assertionResults":[{"ancestorTitles":["Toast"],"fullName":"Toast Dovrebbe renderizzare il messaggio di testo fornito tramite la prop \"message\"","status":"passed","title":"Dovrebbe renderizzare il messaggio di testo fornito tramite la prop \"message\"","duration":10.384199999999964,"failureMessages":[],"meta":{},"tags":[]},{"ancestorTitles":["Toast"],"fullName":"Toast Dovrebbe emettere l'evento \"close\" automaticamente dopo la durata predefinita (3000ms)","status":"passed","title":"Dovrebbe emettere l'evento \"close\" automaticamente dopo la durata predefinita (3000ms)","duration":1.9580000000000837,"failureMessages":[],"meta":{},"tags":[]},{"ancestorTitles":["Toast"],"fullName":"Toast Dovrebbe emettere l'evento \"close\" correttamente quando viene fornita una durata personalizzata","status":"passed","title":"Dovrebbe emettere l'evento \"close\" correttamente quando viene fornita una durata personalizzata","duration":1.4856999999999516,"failureMessages":[],"meta":{},"tags":[]}],"startTime":1779220149559,"endTime":1779220149572.4856,"status":"passed","message":"","name":"C:/Users/User/Desktop/MVP/frontend/tests/unit/components/test_Toast.spec.js"},{"assertionResults":[{"ancestorTitles":["AssetCreateWidget"],"fullName":"AssetCreateWidget Dovrebbe renderizzare correttamente la struttura del form, il titolo e i link di azione","status":"passed","title":"Dovrebbe renderizzare correttamente la struttura del form, il titolo e i link di azione","duration":40.190200000000004,"failureMessages":[],"meta":{},"tags":[]},{"ancestorTitles":["AssetCreateWidget"],"fullName":"AssetCreateWidget Dovrebbe impedire l'invio quando la validazione lato client fallisce (form vuoto)","status":"passed","title":"Dovrebbe impedire l'invio quando la validazione lato client fallisce (form vuoto)","duration":10.664199999999937,"failureMessages":[],"meta":{},"tags":[]},{"ancestorTitles":["AssetCreateWidget"],"fullName":"AssetCreateWidget Dovrebbe inviare i dati senza spazi tramite POST e sostituire __ASSET_ID__ in caso di reindirizzamento riuscito","status":"passed","title":"Dovrebbe inviare i dati senza spazi tramite POST e sostituire __ASSET_ID__ in caso di reindirizzamento riuscito","duration":18.76170000000002,"failureMessages":[],"meta":{},"tags":[]},{"ancestorTitles":["AssetCreateWidget"],"fullName":"AssetCreateWidget Dovrebbe gestire gli errori di validazione del server senza reindirizzare","status":"passed","title":"Dovrebbe gestire gli errori di validazione del server senza reindirizzare","duration":12.263700000000199,"failureMessages":[],"meta":{},"tags":[]},{"ancestorTitles":["AssetCreateWidget"],"fullName":"AssetCreateWidget Dovrebbe gestire i guasti generici del server in modo sicuro","status":"passed","title":"Dovrebbe gestire i guasti generici del server in modo sicuro","duration":5.324900000000071,"failureMessages":[],"meta":{},"tags":[]}],"startTime":1779220146907,"endTime":1779220146994.325,"status":"passed","message":"","name":"C:/Users/User/Desktop/MVP/frontend/tests/unit/widgets/asset/test_AssetCreateWidget.spec.js"},{"assertionResults":[{"ancestorTitles":["AssetDeleteWidget"],"fullName":"AssetDeleteWidget Mostra il pulsante iniziale di eliminazione e mantiene nascosto il modale","status":"passed","title":"Mostra il pulsante iniziale di eliminazione e mantiene nascosto il modale","duration":20.482999999999947,"failureMessages":[],"meta":{},"tags":[]},{"ancestorTitles":["AssetDeleteWidget"],"fullName":"AssetDeleteWidget Apre il modale al click e mostra il testo di avviso","status":"passed","title":"Apre il modale al click e mostra il testo di avviso","duration":10.720000000000027,"failureMessages":[],"meta":{},"tags":[]},{"ancestorTitles":["AssetDeleteWidget"],"fullName":"AssetDeleteWidget Chiude il modale quando viene cliccato Annulla","status":"passed","title":"Chiude il modale quando viene cliccato Annulla","duration":8.747299999999996,"failureMessages":[],"meta":{},"tags":[]},{"ancestorTitles":["AssetDeleteWidget"],"fullName":"AssetDeleteWidget Invia la richiesta DELETE ed esegue il redirect in caso di successo","status":"passed","title":"Invia la richiesta DELETE ed esegue il redirect in caso di successo","duration":5.981099999999969,"failureMessages":[],"meta":{},"tags":[]},{"ancestorTitles":["AssetDeleteWidget"],"fullName":"AssetDeleteWidget Gestisce in sicurezza il fallimento del server senza effettuare il redirect","status":"passed","title":"Gestisce in sicurezza il fallimento del server senza effettuare il redirect","duration":10.628500000000031,"failureMessages":[],"meta":{},"tags":[]}],"startTime":1779220148115,"endTime":1779220148171.6284,"status":"passed","message":"","name":"C:/Users/User/Desktop/MVP/frontend/tests/unit/widgets/asset/test_AssetDeleteWidget.spec.js"},{"assertionResults":[{"ancestorTitles":["AssetEditWidget"],"fullName":"AssetEditWidget Mostra il form, precompila i dati iniziali e visualizza correttamente i link di azione","status":"passed","title":"Mostra il form, precompila i dati iniziali e visualizza correttamente i link di azione","duration":40.13319999999999,"failureMessages":[],"meta":{},"tags":[]},{"ancestorTitles":["AssetEditWidget"],"fullName":"AssetEditWidget Blocca l’invio quando la validazione client-side fallisce","status":"passed","title":"Blocca l’invio quando la validazione client-side fallisce","duration":10.906600000000026,"failureMessages":[],"meta":{},"tags":[]},{"ancestorTitles":["AssetEditWidget"],"fullName":"AssetEditWidget Invia i dati aggiornati e ripuliti tramite PUT ed esegue il redirect in caso di successo","status":"passed","title":"Invia i dati aggiornati e ripuliti tramite PUT ed esegue il redirect in caso di successo","duration":19.197400000000016,"failureMessages":[],"meta":{},"tags":[]},{"ancestorTitles":["AssetEditWidget"],"fullName":"AssetEditWidget Gestisce gli errori di validazione del server senza effettuare il redirect","status":"passed","title":"Gestisce gli errori di validazione del server senza effettuare il redirect","duration":25.34590000000003,"failureMessages":[],"meta":{},"tags":[]},{"ancestorTitles":["AssetEditWidget"],"fullName":"AssetEditWidget Gestisce in sicurezza un errore generico del server","status":"passed","title":"Gestisce in sicurezza un errore generico del server","duration":5.240499999999884,"failureMessages":[],"meta":{},"tags":[]}],"startTime":1779220146909,"endTime":1779220147010.2405,"status":"passed","message":"","name":"C:/Users/User/Desktop/MVP/frontend/tests/unit/widgets/asset/test_AssetEditWidget.spec.js"},{"assertionResults":[{"ancestorTitles":["D3LayoutEngine"],"fullName":"D3LayoutEngine Inizializza correttamente la configurazione predefinita con il costruttore vuoto","status":"passed","title":"Inizializza correttamente la configurazione predefinita con il costruttore vuoto","duration":4.544900000000041,"failureMessages":[],"meta":{},"tags":[]},{"ancestorTitles":["D3LayoutEngine"],"fullName":"D3LayoutEngine Mappa correttamente le coordinate assolute e i risultati del layout","status":"passed","title":"Mappa correttamente le coordinate assolute e i risultati del layout","duration":2.5591999999999757,"failureMessages":[],"meta":{},"tags":[]},{"ancestorTitles":["D3LayoutEngine"],"fullName":"D3LayoutEngine Rispetta i vincoli di design con i figli YES a sinistra e NO a destra","status":"passed","title":"Rispetta i vincoli di design con i figli YES a sinistra e NO a destra","duration":23.76339999999999,"failureMessages":[],"meta":{},"tags":[]},{"ancestorTitles":["D3LayoutEngine"],"fullName":"D3LayoutEngine Estrae le connessioni con tracciamento semantico e identificatori accurati","status":"passed","title":"Estrae le connessioni con tracciamento semantico e identificatori accurati","duration":0.6721000000000004,"failureMessages":[],"meta":{},"tags":[]},{"ancestorTitles":["D3LayoutEngine"],"fullName":"D3LayoutEngine Gestisce correttamente i casi con rami mancanti senza generare archi fantasma","status":"passed","title":"Gestisce correttamente i casi con rami mancanti senza generare archi fantasma","duration":0.6846000000000458,"failureMessages":[],"meta":{},"tags":[]}],"startTime":1779220149341,"endTime":1779220149374.6846,"status":"passed","message":"","name":"C:/Users/User/Desktop/MVP/frontend/tests/unit/widgets/requirement_evaluation/test_D3LayoutEngine.spec.js"},{"assertionResults":[{"ancestorTitles":["decisionTreeStore","Inizializzazione tramite init"],"fullName":"decisionTreeStore Inizializzazione tramite init Configura lo stato iniziale, aggiorna il layout e attiva il calcolo del percorso","status":"passed","title":"Configura lo stato iniziale, aggiorna il layout e attiva il calcolo del percorso","duration":6.385799999999961,"failureMessages":[],"meta":{},"tags":[]},{"ancestorTitles":["decisionTreeStore","Inizializzazione tramite init"],"fullName":"decisionTreeStore Inizializzazione tramite init Apre automaticamente la sidebar e seleziona l’ultimo nodo decisionale del percorso attivo","status":"passed","title":"Apre automaticamente la sidebar e seleziona l’ultimo nodo decisionale del percorso attivo","duration":0.7433000000000334,"failureMessages":[],"meta":{},"tags":[]},{"ancestorTitles":["decisionTreeStore","Gestione delle risposte tramite setAnswer"],"fullName":"decisionTreeStore Gestione delle risposte tramite setAnswer Aggiorna la mappa locale delle risposte e ricalcola il percorso attivo","status":"passed","title":"Aggiorna la mappa locale delle risposte e ricalcola il percorso attivo","duration":0.6928000000000338,"failureMessages":[],"meta":{},"tags":[]},{"ancestorTitles":["decisionTreeStore","Gestione delle risposte tramite setAnswer"],"fullName":"decisionTreeStore Gestione delle risposte tramite setAnswer Salva le modifiche sul backend e aggiorna lo stato globale quando apiClient è attivo","status":"passed","title":"Salva le modifiche sul backend e aggiorna lo stato globale quando apiClient è attivo","duration":1.4548000000000343,"failureMessages":[],"meta":{},"tags":[]},{"ancestorTitles":["decisionTreeStore","Gestione delle risposte tramite setAnswer"],"fullName":"decisionTreeStore Gestione delle risposte tramite setAnswer Intercetta e registra correttamente gli errori se il salvataggio backend fallisce","status":"passed","title":"Intercetta e registra correttamente gli errori se il salvataggio backend fallisce","duration":2.0219999999999914,"failureMessages":[],"meta":{},"tags":[]},{"ancestorTitles":["decisionTreeStore","Interazioni UI"],"fullName":"decisionTreeStore Interazioni UI Gestisce correttamente lo stato della sidebar durante le operazioni di selezione","status":"passed","title":"Gestisce correttamente lo stato della sidebar durante le operazioni di selezione","duration":0.5999999999999659,"failureMessages":[],"meta":{},"tags":[]},{"ancestorTitles":["decisionTreeStore","Interazioni UI"],"fullName":"decisionTreeStore Interazioni UI Aggiorna immediatamente evaluationState tramite l’azione setEvaluationState","status":"passed","title":"Aggiorna immediatamente evaluationState tramite l’azione setEvaluationState","duration":0.39549999999997,"failureMessages":[],"meta":{},"tags":[]},{"ancestorTitles":["decisionTreeStore","Gestione delle giustificazioni tramite saveJustification"],"fullName":"decisionTreeStore Gestione delle giustificazioni tramite saveJustification Gestisce correttamente gli stati e passa a \"saved\" dopo il successo API","status":"passed","title":"Gestisce correttamente gli stati e passa a \"saved\" dopo il successo API","duration":0.7040999999999826,"failureMessages":[],"meta":{},"tags":[]},{"ancestorTitles":["decisionTreeStore","Gestione delle giustificazioni tramite saveJustification"],"fullName":"decisionTreeStore Gestione delle giustificazioni tramite saveJustification Passa allo stato \"error\" quando il client API restituisce un errore","status":"passed","title":"Passa allo stato \"error\" quando il client API restituisce un errore","duration":0.6507000000000289,"failureMessages":[],"meta":{},"tags":[]},{"ancestorTitles":["decisionTreeStore","Getter computed selectedNodeData"],"fullName":"decisionTreeStore Getter computed selectedNodeData Restituisce la struttura dati del nodo selezionato quando il motore e la selezione coincidono","status":"passed","title":"Restituisce la struttura dati del nodo selezionato quando il motore e la selezione coincidono","duration":0.7384999999999877,"failureMessages":[],"meta":{},"tags":[]},{"ancestorTitles":["decisionTreeStore","Getter computed selectedNodeData"],"fullName":"decisionTreeStore Getter computed selectedNodeData Restituisce null quando nessun nodo è selezionato nella UI","status":"passed","title":"Restituisce null quando nessun nodo è selezionato nella UI","duration":0.49219999999996844,"failureMessages":[],"meta":{},"tags":[]}],"startTime":1779220148614,"endTime":1779220148629.4922,"status":"passed","message":"","name":"C:/Users/User/Desktop/MVP/frontend/tests/unit/widgets/requirement_evaluation/test_decisionTreeStore.spec.js"},{"assertionResults":[{"ancestorTitles":["EvaluationApiClient"],"fullName":"EvaluationApiClient SaveAnswer Chiama Fetch Con Put Body Corretto E Restituisce Il Json Parsato","status":"passed","title":"SaveAnswer Chiama Fetch Con Put Body Corretto E Restituisce Il Json Parsato","duration":4.23060000000001,"failureMessages":[],"meta":{},"tags":[]},{"ancestorTitles":["EvaluationApiClient"],"fullName":"EvaluationApiClient SaveAnswer Lancia Un Errore Se La Risposta Non È Ok","status":"passed","title":"SaveAnswer Lancia Un Errore Se La Risposta Non È Ok","duration":1.5023999999999944,"failureMessages":[],"meta":{},"tags":[]},{"ancestorTitles":["EvaluationApiClient"],"fullName":"EvaluationApiClient FetchState Chiama Fetch Con Get E Restituisce Il Json Parsato","status":"passed","title":"FetchState Chiama Fetch Con Get E Restituisce Il Json Parsato","duration":0.5658999999999992,"failureMessages":[],"meta":{},"tags":[]},{"ancestorTitles":["EvaluationApiClient"],"fullName":"EvaluationApiClient FetchState Lancia Un Errore Se La Risposta Non È Ok","status":"passed","title":"FetchState Lancia Un Errore Se La Risposta Non È Ok","duration":0.35660000000001446,"failureMessages":[],"meta":{},"tags":[]},{"ancestorTitles":["EvaluationApiClient"],"fullName":"EvaluationApiClient SaveJustification Chiama Fetch Con Put Body Corretto E Restituisce Il Json Parsato","status":"passed","title":"SaveJustification Chiama Fetch Con Put Body Corretto E Restituisce Il Json Parsato","duration":0.5538000000000238,"failureMessages":[],"meta":{},"tags":[]},{"ancestorTitles":["EvaluationApiClient"],"fullName":"EvaluationApiClient SaveJustification Lancia Un Errore Se La Risposta Non È Ok","status":"passed","title":"SaveJustification Lancia Un Errore Se La Risposta Non È Ok","duration":0.3031000000000006,"failureMessages":[],"meta":{},"tags":[]},{"ancestorTitles":["EvaluationApiClient"],"fullName":"EvaluationApiClient FetchDetail Chiama Fetch Con Get E Restituisce Il Json Parsato","status":"passed","title":"FetchDetail Chiama Fetch Con Get E Restituisce Il Json Parsato","duration":0.334699999999998,"failureMessages":[],"meta":{},"tags":[]},{"ancestorTitles":["EvaluationApiClient"],"fullName":"EvaluationApiClient FetchDetail Lancia Un Errore Se La Risposta Non È Ok","status":"passed","title":"FetchDetail Lancia Un Errore Se La Risposta Non È Ok","duration":0.2967999999999904,"failureMessages":[],"meta":{},"tags":[]}],"startTime":1779220149183,"endTime":1779220149191.2969,"status":"passed","message":"","name":"C:/Users/User/Desktop/MVP/frontend/tests/unit/widgets/requirement_evaluation/test_EvaluationApiClient.spec.js"},{"assertionResults":[{"ancestorTitles":["EvaluationBadge"],"fullName":"EvaluationBadge Renderizza Correttamente Lo Stato Pass","status":"passed","title":"Renderizza Correttamente Lo Stato Pass","duration":19.973600000000033,"failureMessages":[],"meta":{},"tags":[]},{"ancestorTitles":["EvaluationBadge"],"fullName":"EvaluationBadge Renderizza Correttamente Lo Stato Fail","status":"passed","title":"Renderizza Correttamente Lo Stato Fail","duration":2.6789000000001124,"failureMessages":[],"meta":{},"tags":[]},{"ancestorTitles":["EvaluationBadge"],"fullName":"EvaluationBadge Renderizza Correttamente Lo Stato Not Applicable","status":"passed","title":"Renderizza Correttamente Lo Stato Not Applicable","duration":2.1077000000000226,"failureMessages":[],"meta":{},"tags":[]},{"ancestorTitles":["EvaluationBadge"],"fullName":"EvaluationBadge Renderizza Correttamente Lo Stato Pending","status":"passed","title":"Renderizza Correttamente Lo Stato Pending","duration":1.8976999999999862,"failureMessages":[],"meta":{},"tags":[]},{"ancestorTitles":["EvaluationBadge"],"fullName":"EvaluationBadge Renderizza Correttamente Lo Stato Not Evaluated","status":"passed","title":"Renderizza Correttamente Lo Stato Not Evaluated","duration":2.198599999999942,"failureMessages":[],"meta":{},"tags":[]},{"ancestorTitles":["EvaluationBadge"],"fullName":"EvaluationBadge Mostra Il Fallback Unknown Quando Lo Stato È Mancante O Non Valido","status":"passed","title":"Mostra Il Fallback Unknown Quando Lo Stato È Mancante O Non Valido","duration":1.4333000000001448,"failureMessages":[],"meta":{},"tags":[]},{"ancestorTitles":["EvaluationBadge"],"fullName":"EvaluationBadge Mostra Il Fallback Unknown Quando Lo Stato È Esplicitamente Null","status":"passed","title":"Mostra Il Fallback Unknown Quando Lo Stato È Esplicitamente Null","duration":1.4458999999999378,"failureMessages":[],"meta":{},"tags":[]}],"startTime":1779220149366,"endTime":1779220149398.4458,"status":"passed","message":"","name":"C:/Users/User/Desktop/MVP/frontend/tests/unit/widgets/requirement_evaluation/test_EvaluationBadge.spec.js"},{"assertionResults":[{"ancestorTitles":["EvaluationEngine"],"fullName":"EvaluationEngine GetNodeRenderData Restituisce Il DTO Per Un Id Valido","status":"passed","title":"GetNodeRenderData Restituisce Il DTO Per Un Id Valido","duration":1.247700000000009,"failureMessages":[],"meta":{},"tags":[]},{"ancestorTitles":["EvaluationEngine"],"fullName":"EvaluationEngine GetNodeRenderData Restituisce Null Per Un Id Non Valido","status":"passed","title":"GetNodeRenderData Restituisce Null Per Un Id Non Valido","duration":0.13710000000000377,"failureMessages":[],"meta":{},"tags":[]},{"ancestorTitles":["EvaluationEngine","getEvaluationPath"],"fullName":"EvaluationEngine getEvaluationPath Restituisce Solo La Radice Quando Non Ci Sono Risposte","status":"passed","title":"Restituisce Solo La Radice Quando Non Ci Sono Risposte","duration":0.5201000000000136,"failureMessages":[],"meta":{},"tags":[]},{"ancestorTitles":["EvaluationEngine","getEvaluationPath"],"fullName":"EvaluationEngine getEvaluationPath Segue Il Percorso YES Da N1 A N2","status":"passed","title":"Segue Il Percorso YES Da N1 A N2","duration":0.17540000000002465,"failureMessages":[],"meta":{},"tags":[]},{"ancestorTitles":["EvaluationEngine","getEvaluationPath"],"fullName":"EvaluationEngine getEvaluationPath Segue Il Percorso NO Da N1 A L1 Pass","status":"passed","title":"Segue Il Percorso NO Da N1 A L1 Pass","duration":0.1529000000000167,"failureMessages":[],"meta":{},"tags":[]},{"ancestorTitles":["EvaluationEngine","getEvaluationPath"],"fullName":"EvaluationEngine getEvaluationPath Segue Il Percorso Completo Verso Fail Tramite N4 E L3","status":"passed","title":"Segue Il Percorso Completo Verso Fail Tramite N4 E L3","duration":0.14740000000000464,"failureMessages":[],"meta":{},"tags":[]},{"ancestorTitles":["EvaluationEngine","getEvaluationPath"],"fullName":"EvaluationEngine getEvaluationPath Segue Il Percorso Completo Verso Not Applicable","status":"passed","title":"Segue Il Percorso Completo Verso Not Applicable","duration":0.14520000000001687,"failureMessages":[],"meta":{},"tags":[]},{"ancestorTitles":["EvaluationEngine","getEvaluationPath"],"fullName":"EvaluationEngine getEvaluationPath Segue Il Percorso Completo Verso Pass Tramite N4 E L1","status":"passed","title":"Segue Il Percorso Completo Verso Pass Tramite N4 E L1","duration":0.1553000000000111,"failureMessages":[],"meta":{},"tags":[]},{"ancestorTitles":["EvaluationEngine (backend map format)"],"fullName":"EvaluationEngine (backend map format) Il Percorso Senza Risposte Si Ferma Alla Radice","status":"passed","title":"Il Percorso Senza Risposte Si Ferma Alla Radice","duration":0.1419999999999959,"failureMessages":[],"meta":{},"tags":[]},{"ancestorTitles":["EvaluationEngine (backend map format)"],"fullName":"EvaluationEngine (backend map format) Il Percorso Completo Verso Fail Corrisponde Al Comportamento Del Formato Array","status":"passed","title":"Il Percorso Completo Verso Fail Corrisponde Al Comportamento Del Formato Array","duration":0.15860000000000696,"failureMessages":[],"meta":{},"tags":[]},{"ancestorTitles":["EvaluationEngine (backend map format)"],"fullName":"EvaluationEngine (backend map format) Segue Il Percorso Completo Verso Not Applicable","status":"passed","title":"Segue Il Percorso Completo Verso Not Applicable","duration":1.9403000000000077,"failureMessages":[],"meta":{},"tags":[]}],"startTime":1779220149460,"endTime":1779220149465.9402,"status":"passed","message":"","name":"C:/Users/User/Desktop/MVP/frontend/tests/unit/widgets/requirement_evaluation/test_EvaluationEngine.spec.js"},{"assertionResults":[{"ancestorTitles":["EvaluationSideBar"],"fullName":"EvaluationSideBar Non Renderizza La Sidebar Se IsSideBarOpen È False O CurrentNode È Assente","status":"passed","title":"Non Renderizza La Sidebar Se IsSideBarOpen È False O CurrentNode È Assente","duration":28.031200000000126,"failureMessages":[],"meta":{},"tags":[]},{"ancestorTitles":["EvaluationSideBar"],"fullName":"EvaluationSideBar Renderizza Correttamente Un Nodo Decision Con Domanda E Stati Di Selezione","status":"passed","title":"Renderizza Correttamente Un Nodo Decision Con Domanda E Stati Di Selezione","duration":11.513900000000149,"failureMessages":[],"meta":{},"tags":[]},{"ancestorTitles":["EvaluationSideBar"],"fullName":"EvaluationSideBar Richiama StoreSetAnswer Quando Si Cliccano I Pulsanti Di Risposta","status":"passed","title":"Richiama StoreSetAnswer Quando Si Cliccano I Pulsanti Di Risposta","duration":9.192800000000034,"failureMessages":[],"meta":{},"tags":[]},{"ancestorTitles":["EvaluationSideBar"],"fullName":"EvaluationSideBar Renderizza Correttamente Un Nodo Leaf Con Risultati Formattati E Link Di Reindirizzamento","status":"passed","title":"Renderizza Correttamente Un Nodo Leaf Con Risultati Formattati E Link Di Reindirizzamento","duration":66.61569999999983,"failureMessages":[],"meta":{},"tags":[]},{"ancestorTitles":["EvaluationSideBar","Navigation Logic"],"fullName":"EvaluationSideBar Navigation Logic Abilita O Disabilita Il Pulsante Previous In Base Alla Presenza Del ParentId","status":"passed","title":"Abilita O Disabilita Il Pulsante Previous In Base Alla Presenza Del ParentId","duration":12.59030000000007,"failureMessages":[],"meta":{},"tags":[]},{"ancestorTitles":["EvaluationSideBar","Navigation Logic"],"fullName":"EvaluationSideBar Navigation Logic Gestisce La Validazione Del Pulsante Next E La Navigazione Basata Su YES E NO","status":"passed","title":"Gestisce La Validazione Del Pulsante Next E La Navigazione Basata Su YES E NO","duration":13.479700000000093,"failureMessages":[],"meta":{},"tags":[]},{"ancestorTitles":["EvaluationSideBar"],"fullName":"EvaluationSideBar Richiama StoreCloseSideBar Quando Si Clicca Il Pulsante Di Chiusura","status":"passed","title":"Richiama StoreCloseSideBar Quando Si Clicca Il Pulsante Di Chiusura","duration":7.020100000000184,"failureMessages":[],"meta":{},"tags":[]}],"startTime":1779220146884,"endTime":1779220147033.02,"status":"passed","message":"","name":"C:/Users/User/Desktop/MVP/frontend/tests/unit/widgets/requirement_evaluation/test_EvaluationSideBar.spec.js"},{"assertionResults":[{"ancestorTitles":["JustificationForm"],"fullName":"JustificationForm Dovrebbe renderizzare la giustificazione iniziale dello store e disabilitare i pulsanti di azione","status":"passed","title":"Dovrebbe renderizzare la giustificazione iniziale dello store e disabilitare i pulsanti di azione","duration":21.105999999999995,"failureMessages":[],"meta":{},"tags":[]},{"ancestorTitles":["JustificationForm"],"fullName":"JustificationForm Dovrebbe abilitare i pulsanti quando l'utente digita delle modifiche (isDirty passa a true)","status":"passed","title":"Dovrebbe abilitare i pulsanti quando l'utente digita delle modifiche (isDirty passa a true)","duration":4.3297999999999774,"failureMessages":[],"meta":{},"tags":[]},{"ancestorTitles":["JustificationForm"],"fullName":"JustificationForm Dovrebbe sincronizzare il testo locale quando la giustificazione dello store cambia esternamente","status":"passed","title":"Dovrebbe sincronizzare il testo locale quando la giustificazione dello store cambia esternamente","duration":2.1567000000000007,"failureMessages":[],"meta":{},"tags":[]},{"ancestorTitles":["JustificationForm"],"fullName":"JustificationForm Dovrebbe chiamare store.saveJustification e aggiornare lo stato dirty al momento dell'invio","status":"passed","title":"Dovrebbe chiamare store.saveJustification e aggiornare lo stato dirty al momento dell'invio","duration":3.7623000000000957,"failureMessages":[],"meta":{},"tags":[]},{"ancestorTitles":["JustificationForm"],"fullName":"JustificationForm Dovrebbe ripristinare il testo locale al valore dello store quando viene cliccato il pulsante di annullamento","status":"passed","title":"Dovrebbe ripristinare il testo locale al valore dello store quando viene cliccato il pulsante di annullamento","duration":2.608799999999974,"failureMessages":[],"meta":{},"tags":[]},{"ancestorTitles":["JustificationForm"],"fullName":"JustificationForm Dovrebbe renderizzare i messaggi di stato corretti in base alla configurazione dello stato dello store","status":"passed","title":"Dovrebbe renderizzare i messaggi di stato corretti in base alla configurazione dello stato dello store","duration":7.137300000000096,"failureMessages":[],"meta":{},"tags":[]}],"startTime":1779220146843,"endTime":1779220146884.1372,"status":"passed","message":"","name":"C:/Users/User/Desktop/MVP/frontend/tests/unit/widgets/requirement_evaluation/test_JustificationForm.spec.js"},{"assertionResults":[{"ancestorTitles":["DecisionNode"],"fullName":"DecisionNode Restituisce Il DTO Corretto Tramite getRenderData","status":"passed","title":"Restituisce Il DTO Corretto Tramite getRenderData","duration":1.134299999999996,"failureMessages":[],"meta":{},"tags":[]},{"ancestorTitles":["DecisionNode"],"fullName":"DecisionNode Restituisce yesChildId Quando getNext Riceve true","status":"passed","title":"Restituisce yesChildId Quando getNext Riceve true","duration":0.11619999999999209,"failureMessages":[],"meta":{},"tags":[]},{"ancestorTitles":["DecisionNode"],"fullName":"DecisionNode Restituisce noChildId Quando getNext Riceve false","status":"passed","title":"Restituisce noChildId Quando getNext Riceve false","duration":0.06469999999998777,"failureMessages":[],"meta":{},"tags":[]},{"ancestorTitles":["DecisionNode"],"fullName":"DecisionNode Restituisce parentId Tramite getPrevious","status":"passed","title":"Restituisce parentId Tramite getPrevious","duration":0.05249999999998067,"failureMessages":[],"meta":{},"tags":[]},{"ancestorTitles":["LeafNode"],"fullName":"LeafNode Restituisce Il DTO Corretto Tramite getRenderData","status":"passed","title":"Restituisce Il DTO Corretto Tramite getRenderData","duration":0.10009999999999764,"failureMessages":[],"meta":{},"tags":[]},{"ancestorTitles":["LeafNode"],"fullName":"LeafNode Restituisce Sempre null Tramite getNext","status":"passed","title":"Restituisce Sempre null Tramite getNext","duration":0.06230000000002178,"failureMessages":[],"meta":{},"tags":[]},{"ancestorTitles":["LeafNode"],"fullName":"LeafNode Restituisce parentId Tramite getPrevious","status":"passed","title":"Restituisce parentId Tramite getPrevious","duration":0.05179999999998586,"failureMessages":[],"meta":{},"tags":[]}],"startTime":1779220149567,"endTime":1779220149569.0623,"status":"passed","message":"","name":"C:/Users/User/Desktop/MVP/frontend/tests/unit/widgets/requirement_evaluation/test_Node.spec.js"},{"assertionResults":[{"ancestorTitles":["RequirementEvaluationWidget"],"fullName":"RequirementEvaluationWidget Istanzia EvaluationApiClient E Inizializza Lo Store Al Mounted","status":"passed","title":"Istanzia EvaluationApiClient E Inizializza Lo Store Al Mounted","duration":18.754500000000007,"failureMessages":[],"meta":{},"tags":[]},{"ancestorTitles":["RequirementEvaluationWidget"],"fullName":"RequirementEvaluationWidget Renderizza Correttamente I Moduli Principali Del Layout","status":"passed","title":"Renderizza Correttamente I Moduli Principali Del Layout","duration":4.883000000000038,"failureMessages":[],"meta":{},"tags":[]},{"ancestorTitles":["RequirementEvaluationWidget"],"fullName":"RequirementEvaluationWidget Mostra O Nasconde La Sidebar In Base Allo Stato Dello Store","status":"passed","title":"Mostra O Nasconde La Sidebar In Base Allo Stato Dello Store","duration":12.263100000000122,"failureMessages":[],"meta":{},"tags":[]}],"startTime":1779220149501,"endTime":1779220149537.2632,"status":"passed","message":"","name":"C:/Users/User/Desktop/MVP/frontend/tests/unit/widgets/requirement_evaluation/test_RequirementEvaluationWidget.spec.js"},{"assertionResults":[{"ancestorTitles":["TreeCanvas"],"fullName":"TreeCanvas Calcola correttamente il viewBox iniziale centrando tutti i nodi","status":"passed","title":"Calcola correttamente il viewBox iniziale centrando tutti i nodi","duration":35.250999999999976,"failureMessages":[],"meta":{},"tags":[]},{"ancestorTitles":["TreeCanvas"],"fullName":"TreeCanvas Renderizza gli archi con path Bezier e label corrette","status":"passed","title":"Renderizza gli archi con path Bezier e label corrette","duration":9.22180000000003,"failureMessages":[],"meta":{},"tags":[]},{"ancestorTitles":["TreeCanvas"],"fullName":"TreeCanvas Evidenzia gli archi solo quando entrambi i nodi sono attivi nel path","status":"passed","title":"Evidenzia gli archi solo quando entrambi i nodi sono attivi nel path","duration":9.518600000000106,"failureMessages":[],"meta":{},"tags":[]},{"ancestorTitles":["TreeCanvas"],"fullName":"TreeCanvas Renderizza correttamente i componenti dinamici dei nodi con posizione SVG","status":"passed","title":"Renderizza correttamente i componenti dinamici dei nodi con posizione SVG","duration":8.379500000000007,"failureMessages":[],"meta":{},"tags":[]},{"ancestorTitles":["TreeCanvas"],"fullName":"TreeCanvas Chiama lo store.selectNode quando un nodo emette select","status":"passed","title":"Chiama lo store.selectNode quando un nodo emette select","duration":23.960399999999936,"failureMessages":[],"meta":{},"tags":[]},{"ancestorTitles":["TreeCanvas"],"fullName":"TreeCanvas Gestisce correttamente i calcoli matematici della funzione generateBezierPath","status":"passed","title":"Gestisce correttamente i calcoli matematici della funzione generateBezierPath","duration":9.849900000000162,"failureMessages":[],"meta":{},"tags":[]}],"startTime":1779220146933,"endTime":1779220147028.8499,"status":"passed","message":"","name":"C:/Users/User/Desktop/MVP/frontend/tests/unit/widgets/requirement_evaluation/test_TreeCanvas.spec.js"},{"assertionResults":[{"ancestorTitles":["TreeStructure"],"fullName":"TreeStructure Dovrebbe restituire la radice tramite getRootId","status":"passed","title":"Dovrebbe restituire la radice tramite getRootId","duration":0.9029000000000167,"failureMessages":[],"meta":{},"tags":[]},{"ancestorTitles":["TreeStructure"],"fullName":"TreeStructure Dovrebbe restituire un DecisionNode per i nodi decisionali tramite getNode","status":"passed","title":"Dovrebbe restituire un DecisionNode per i nodi decisionali tramite getNode","duration":0.30930000000000746,"failureMessages":[],"meta":{},"tags":[]},{"ancestorTitles":["TreeStructure"],"fullName":"TreeStructure Dovrebbe restituire un LeafNode per i nodi foglia tramite getNode","status":"passed","title":"Dovrebbe restituire un LeafNode per i nodi foglia tramite getNode","duration":0.16399999999998727,"failureMessages":[],"meta":{},"tags":[]},{"ancestorTitles":["TreeStructure"],"fullName":"TreeStructure Dovrebbe calcolare correttamente il parentId","status":"passed","title":"Dovrebbe calcolare correttamente il parentId","duration":0.12380000000001701,"failureMessages":[],"meta":{},"tags":[]},{"ancestorTitles":["TreeStructure"],"fullName":"TreeStructure Dovrebbe restituire null per un nodo sconosciuto","status":"passed","title":"Dovrebbe restituire null per un nodo sconosciuto","duration":0.08169999999998367,"failureMessages":[],"meta":{},"tags":[]},{"ancestorTitles":["TreeStructure"],"fullName":"TreeStructure Dovrebbe restituire tutti i nodi tramite getAllNodes","status":"passed","title":"Dovrebbe restituire tutti i nodi tramite getAllNodes","duration":0.06690000000000396,"failureMessages":[],"meta":{},"tags":[]},{"ancestorTitles":["TreeStructure (formato mappa backend)"],"fullName":"TreeStructure (formato mappa backend) Dovrebbe restituire la radice tramite getRootId","status":"passed","title":"Dovrebbe restituire la radice tramite getRootId","duration":0.12190000000001078,"failureMessages":[],"meta":{},"tags":[]},{"ancestorTitles":["TreeStructure (formato mappa backend)"],"fullName":"TreeStructure (formato mappa backend) Dovrebbe analizzare correttamente i nodi decisionali","status":"passed","title":"Dovrebbe analizzare correttamente i nodi decisionali","duration":0.15350000000000819,"failureMessages":[],"meta":{},"tags":[]},{"ancestorTitles":["TreeStructure (formato mappa backend)"],"fullName":"TreeStructure (formato mappa backend) Dovrebbe analizzare correttamente i nodi foglia","status":"passed","title":"Dovrebbe analizzare correttamente i nodi foglia","duration":0.17000000000001592,"failureMessages":[],"meta":{},"tags":[]},{"ancestorTitles":["TreeStructure (formato mappa backend)"],"fullName":"TreeStructure (formato mappa backend) Dovrebbe preservare il parent_id proveniente dal backend","status":"passed","title":"Dovrebbe preservare il parent_id proveniente dal backend","duration":0.1776999999999873,"failureMessages":[],"meta":{},"tags":[]},{"ancestorTitles":["TreeStructure (formato mappa backend)"],"fullName":"TreeStructure (formato mappa backend) Dovrebbe restituire tutti e 7 i nodi tramite getAllNodes","status":"passed","title":"Dovrebbe restituire tutti e 7 i nodi tramite getAllNodes","duration":0.1115000000000066,"failureMessages":[],"meta":{},"tags":[]}],"startTime":1779220149568,"endTime":1779220149571.1777,"status":"passed","message":"","name":"C:/Users/User/Desktop/MVP/frontend/tests/unit/widgets/requirement_evaluation/test_TreeStructure.spec.js"},{"assertionResults":[{"ancestorTitles":["UiDecisionNode"],"fullName":"UiDecisionNode Dovrebbe renderizzare correttamente con le props predefinite","status":"passed","title":"Dovrebbe renderizzare correttamente con le props predefinite","duration":25.21460000000002,"failureMessages":[],"meta":{},"tags":[]},{"ancestorTitles":["UiDecisionNode"],"fullName":"UiDecisionNode Dovrebbe calcolare le altezze e le coordinate in modo dinamico per un testo breve su una riga singola","status":"passed","title":"Dovrebbe calcolare le altezze e le coordinate in modo dinamico per un testo breve su una riga singola","duration":6.604399999999941,"failureMessages":[],"meta":{},"tags":[]},{"ancestorTitles":["UiDecisionNode"],"fullName":"UiDecisionNode Dovrebbe incrementare l'altezza del nodo correttamente quando il testo si estende su più righe","status":"passed","title":"Dovrebbe incrementare l'altezza del nodo correttamente quando il testo si estende su più righe","duration":2.5474000000001524,"failureMessages":[],"meta":{},"tags":[]},{"ancestorTitles":["UiDecisionNode"],"fullName":"UiDecisionNode Dovrebbe applicare le classi attive quando la prop isActive è true","status":"passed","title":"Dovrebbe applicare le classi attive quando la prop isActive è true","duration":1.8670999999999367,"failureMessages":[],"meta":{},"tags":[]},{"ancestorTitles":["UiDecisionNode"],"fullName":"UiDecisionNode Dovrebbe emettere \"select\" con l'ID del nodo quando viene cliccato mentre è attivo","status":"passed","title":"Dovrebbe emettere \"select\" con l'ID del nodo quando viene cliccato mentre è attivo","duration":3.5700999999999112,"failureMessages":[],"meta":{},"tags":[]},{"ancestorTitles":["UiDecisionNode"],"fullName":"UiDecisionNode Non dovrebbe emettere \"select\" quando viene cliccato se isActive è false","status":"passed","title":"Non dovrebbe emettere \"select\" quando viene cliccato se isActive è false","duration":1.6204999999999927,"failureMessages":[],"meta":{},"tags":[]}],"startTime":1779220149350,"endTime":1779220149391.6206,"status":"passed","message":"","name":"C:/Users/User/Desktop/MVP/frontend/tests/unit/widgets/requirement_evaluation/test_UiDecisionNode.spec.js"},{"assertionResults":[{"ancestorTitles":["UiLeafNode"],"fullName":"UiLeafNode Dovrebbe renderizzare la forma e l'etichetta con le dimensioni geometriche del layout fisse","status":"passed","title":"Dovrebbe renderizzare la forma e l'etichetta con le dimensioni geometriche del layout fisse","duration":26.335900000000038,"failureMessages":[],"meta":{},"tags":[]},{"ancestorTitles":["UiLeafNode"],"fullName":"UiLeafNode Dovrebbe applicare la classe di stato corretta in modo dinamico in base a resultState","status":"passed","title":"Dovrebbe applicare la classe di stato corretta in modo dinamico in base a resultState","duration":3.649900000000116,"failureMessages":[],"meta":{},"tags":[]},{"ancestorTitles":["UiLeafNode"],"fullName":"UiLeafNode Dovrebbe formattare correttamente le etichette chiamando il metodo interno formatLabel","status":"passed","title":"Dovrebbe formattare correttamente le etichette chiamando il metodo interno formatLabel","duration":7.259899999999789,"failureMessages":[],"meta":{},"tags":[]},{"ancestorTitles":["UiLeafNode"],"fullName":"UiLeafNode Dovrebbe ripiegare sulla stringa di stato grezza se resultState non è mappato","status":"passed","title":"Dovrebbe ripiegare sulla stringa di stato grezza se resultState non è mappato","duration":1.480600000000095,"failureMessages":[],"meta":{},"tags":[]},{"ancestorTitles":["UiLeafNode"],"fullName":"UiLeafNode Dovrebbe applicare la classe is-active in modo condizionale quando la prop isActive è true","status":"passed","title":"Dovrebbe applicare la classe is-active in modo condizionale quando la prop isActive è true","duration":1.0489999999999782,"failureMessages":[],"meta":{},"tags":[]},{"ancestorTitles":["UiLeafNode"],"fullName":"UiLeafNode Dovrebbe garantire che i pointer-events siano disabilitati nativamente sul nodo foglia tramite la configurazione del layout","status":"passed","title":"Dovrebbe garantire che i pointer-events siano disabilitati nativamente sul nodo foglia tramite la configurazione del layout","duration":1.5347999999999047,"failureMessages":[],"meta":{},"tags":[]}],"startTime":1779220148750,"endTime":1779220148791.535,"status":"passed","message":"","name":"C:/Users/User/Desktop/MVP/frontend/tests/unit/widgets/requirement_evaluation/test_UiLeafNode.spec.js"},{"assertionResults":[{"ancestorTitles":["CloseSessionWidget"],"fullName":"CloseSessionWidget Dovrebbe renderizzare il pulsante iniziale e mantenere il modale nascosto","status":"passed","title":"Dovrebbe renderizzare il pulsante iniziale e mantenere il modale nascosto","duration":23.065399999999954,"failureMessages":[],"meta":{},"tags":[]},{"ancestorTitles":["CloseSessionWidget"],"fullName":"CloseSessionWidget Dovrebbe aprire il modale al clic","status":"passed","title":"Dovrebbe aprire il modale al clic","duration":9.651700000000119,"failureMessages":[],"meta":{},"tags":[]},{"ancestorTitles":["CloseSessionWidget"],"fullName":"CloseSessionWidget Dovrebbe chiudere il modale quando viene cliccato il pulsante annulla","status":"passed","title":"Dovrebbe chiudere il modale quando viene cliccato il pulsante annulla","duration":7.186000000000149,"failureMessages":[],"meta":{},"tags":[]},{"ancestorTitles":["CloseSessionWidget"],"fullName":"CloseSessionWidget Dovrebbe inviare una richiesta DELETE, disabilitare la guardia di navigazione e reindirizzare in caso di successo","status":"passed","title":"Dovrebbe inviare una richiesta DELETE, disabilitare la guardia di navigazione e reindirizzare in caso di successo","duration":6.070499999999811,"failureMessages":[],"meta":{},"tags":[]},{"ancestorTitles":["CloseSessionWidget"],"fullName":"CloseSessionWidget Dovrebbe gestire i guasti del server in modo sicuro senza reindirizzare o disabilitare la guardia","status":"passed","title":"Dovrebbe gestire i guasti del server in modo sicuro senza reindirizzare o disabilitare la guardia","duration":9.52599999999984,"failureMessages":[],"meta":{},"tags":[]}],"startTime":1779220148262,"endTime":1779220148317.526,"status":"passed","message":"","name":"C:/Users/User/Desktop/MVP/frontend/tests/unit/widgets/session/test_CloseSessionWidget.spec.js"},{"assertionResults":[{"ancestorTitles":["SessionCommitAndCloseWidget"],"fullName":"SessionCommitAndCloseWidget Dovrebbe renderizzare il pulsante con le etichette iniziali corrette","status":"passed","title":"Dovrebbe renderizzare il pulsante con le etichette iniziali corrette","duration":20.4688000000001,"failureMessages":[],"meta":{},"tags":[]},{"ancestorTitles":["SessionCommitAndCloseWidget"],"fullName":"SessionCommitAndCloseWidget Dovrebbe inviare una richiesta POST, disabilitare la guardia di navigazione e reindirizzare in caso di successo","status":"passed","title":"Dovrebbe inviare una richiesta POST, disabilitare la guardia di navigazione e reindirizzare in caso di successo","duration":6.68970000000013,"failureMessages":[],"meta":{},"tags":[]},{"ancestorTitles":["SessionCommitAndCloseWidget"],"fullName":"SessionCommitAndCloseWidget Dovrebbe gestire gli errori del server in modo sicuro senza reindirizzare o disabilitare la guardia","status":"passed","title":"Dovrebbe gestire gli errori del server in modo sicuro senza reindirizzare o disabilitare la guardia","duration":6.393700000000081,"failureMessages":[],"meta":{},"tags":[]}],"startTime":1779220149436,"endTime":1779220149469.3938,"status":"passed","message":"","name":"C:/Users/User/Desktop/MVP/frontend/tests/unit/widgets/session/test_SessionCommitAndCloseWidget.spec.js"},{"assertionResults":[{"ancestorTitles":["SessionCommitWidget"],"fullName":"SessionCommitWidget Dovrebbe renderizzare il pulsante di salvataggio e mantenere il toast inizialmente nascosto","status":"passed","title":"Dovrebbe renderizzare il pulsante di salvataggio e mantenere il toast inizialmente nascosto","duration":20.738700000000108,"failureMessages":[],"meta":{},"tags":[]},{"ancestorTitles":["SessionCommitWidget"],"fullName":"SessionCommitWidget Dovrebbe inviare una richiesta POST e mostrare il toast di successo quando il server risponde correttamente","status":"passed","title":"Dovrebbe inviare una richiesta POST e mostrare il toast di successo quando il server risponde correttamente","duration":10.051299999999856,"failureMessages":[],"meta":{},"tags":[]},{"ancestorTitles":["SessionCommitWidget"],"fullName":"SessionCommitWidget Dovrebbe cancellare il messaggio del toast quando il componente Toast emette un evento close","status":"passed","title":"Dovrebbe cancellare il messaggio del toast quando il componente Toast emette un evento close","duration":10.429599999999937,"failureMessages":[],"meta":{},"tags":[]},{"ancestorTitles":["SessionCommitWidget"],"fullName":"SessionCommitWidget Non dovrebbe mostrare il toast di successo se il server restituisce un errore","status":"passed","title":"Non dovrebbe mostrare il toast di successo se il server restituisce un errore","duration":3.405999999999949,"failureMessages":[],"meta":{},"tags":[]}],"startTime":1779220148117,"endTime":1779220148161.406,"status":"passed","message":"","name":"C:/Users/User/Desktop/MVP/frontend/tests/unit/widgets/session/test_SessionCommitWidget.spec.js"},{"assertionResults":[{"ancestorTitles":["SessionStartWidget"],"fullName":"SessionStartWidget Dovrebbe renderizzare il pulsante di avvio correttamente","status":"passed","title":"Dovrebbe renderizzare il pulsante di avvio correttamente","duration":64.52369999999996,"failureMessages":[],"meta":{},"tags":[]},{"ancestorTitles":["SessionStartWidget"],"fullName":"SessionStartWidget Dovrebbe inviare il payload corretto tramite POST e sostituire __SESSION_ID__ al momento del reindirizzamento","status":"passed","title":"Dovrebbe inviare il payload corretto tramite POST e sostituire __SESSION_ID__ al momento del reindirizzamento","duration":6.636599999999817,"failureMessages":[],"meta":{},"tags":[]},{"ancestorTitles":["SessionStartWidget"],"fullName":"SessionStartWidget Dovrebbe gestire i guasti del server in modo sicuro senza reindirizzare","status":"passed","title":"Dovrebbe gestire i guasti del server in modo sicuro senza reindirizzare","duration":14.039099999999962,"failureMessages":[],"meta":{},"tags":[]},{"ancestorTitles":["SessionStartWidget"],"fullName":"SessionStartWidget Dovrebbe gestire gli errori di rete generici o i JSON non analizzabili senza causare crash","status":"passed","title":"Dovrebbe gestire gli errori di rete generici o i JSON non analizzabili senza causare crash","duration":3.216899999999896,"failureMessages":[],"meta":{},"tags":[]}],"startTime":1779220148116,"endTime":1779220148204.2168,"status":"passed","message":"","name":"C:/Users/User/Desktop/MVP/frontend/tests/unit/widgets/session/test_SessionStartWidget.spec.js"},{"assertionResults":[{"ancestorTitles":["Dashboard Main Entry (main.js)"],"fullName":"Dashboard Main Entry (main.js) Abilita il blocco di navigazione al caricamento e collega correttamente i listener dei click","status":"passed","title":"Abilita il blocco di navigazione al caricamento e collega correttamente i listener dei click","duration":23.998299999999972,"failureMessages":[],"meta":{},"tags":[]}],"startTime":1779220149428,"endTime":1779220149451.9983,"status":"passed","message":"","name":"C:/Users/User/Desktop/MVP/frontend/tests/unit/widgets/dashboard/test_dashboard_main.spec.js"},{"assertionResults":[{"ancestorTitles":["DeviceCreateWidget"],"fullName":"DeviceCreateWidget Mostra correttamente la struttura del form e i link di azione","status":"passed","title":"Mostra correttamente la struttura del form e i link di azione","duration":32.705799999999954,"failureMessages":[],"meta":{},"tags":[]},{"ancestorTitles":["DeviceCreateWidget"],"fullName":"DeviceCreateWidget Blocca l’invio quando la validazione client-side fallisce","status":"passed","title":"Blocca l’invio quando la validazione client-side fallisce","duration":10.297200000000203,"failureMessages":[],"meta":{},"tags":[]},{"ancestorTitles":["DeviceCreateWidget"],"fullName":"DeviceCreateWidget Invia i dati ripuliti e lo standardId ed esegue il redirect in caso di successo","status":"passed","title":"Invia i dati ripuliti e lo standardId ed esegue il redirect in caso di successo","duration":33.011900000000196,"failureMessages":[],"meta":{},"tags":[]},{"ancestorTitles":["DeviceCreateWidget"],"fullName":"DeviceCreateWidget Gestisce gli errori di validazione del server e popola gli errori del form","status":"passed","title":"Gestisce gli errori di validazione del server e popola gli errori del form","duration":10.791100000000142,"failureMessages":[],"meta":{},"tags":[]},{"ancestorTitles":["DeviceCreateWidget"],"fullName":"DeviceCreateWidget Utilizza un messaggio di errore predefinito quando il server non restituisce errori specifici","status":"passed","title":"Utilizza un messaggio di errore predefinito quando il server non restituisce errori specifici","duration":6.060000000000173,"failureMessages":[],"meta":{},"tags":[]}],"startTime":1779220146892,"endTime":1779220146985.06,"status":"passed","message":"","name":"C:/Users/User/Desktop/MVP/frontend/tests/unit/widgets/device/test_DeviceCreateWidget.spec.js"},{"assertionResults":[{"ancestorTitles":["DeviceDeleteWidget"],"fullName":"DeviceDeleteWidget Mostra il pulsante iniziale di eliminazione e apre il modale al click","status":"passed","title":"Mostra il pulsante iniziale di eliminazione e apre il modale al click","duration":31.11539999999991,"failureMessages":[],"meta":{},"tags":[]},{"ancestorTitles":["DeviceDeleteWidget"],"fullName":"DeviceDeleteWidget Chiude il modale quando viene cliccato Annulla","status":"passed","title":"Chiude il modale quando viene cliccato Annulla","duration":8.652100000000019,"failureMessages":[],"meta":{},"tags":[]},{"ancestorTitles":["DeviceDeleteWidget"],"fullName":"DeviceDeleteWidget Genera il link di download corretto ed esegue il click per l’esportazione","status":"passed","title":"Genera il link di download corretto ed esegue il click per l’esportazione","duration":10.72160000000008,"failureMessages":[],"meta":{},"tags":[]},{"ancestorTitles":["DeviceDeleteWidget"],"fullName":"DeviceDeleteWidget Invia la richiesta DELETE ed esegue il redirect in caso di successo","status":"passed","title":"Invia la richiesta DELETE ed esegue il redirect in caso di successo","duration":5.2560000000000855,"failureMessages":[],"meta":{},"tags":[]},{"ancestorTitles":["DeviceDeleteWidget"],"fullName":"DeviceDeleteWidget Gestisce in sicurezza il fallimento del server durante l’eliminazione senza effettuare il redirect","status":"passed","title":"Gestisce in sicurezza il fallimento del server durante l’eliminazione senza effettuare il redirect","duration":4.733199999999897,"failureMessages":[],"meta":{},"tags":[]}],"startTime":1779220146878,"endTime":1779220146938.7332,"status":"passed","message":"","name":"C:/Users/User/Desktop/MVP/frontend/tests/unit/widgets/device/test_DeviceDeleteWidget.spec.js"},{"assertionResults":[{"ancestorTitles":["DeviceEditWidget"],"fullName":"DeviceEditWidget Mostra il form, i link di azione e precompila correttamente i dati iniziali","status":"passed","title":"Mostra il form, i link di azione e precompila correttamente i dati iniziali","duration":32.7043000000001,"failureMessages":[],"meta":{},"tags":[]},{"ancestorTitles":["DeviceEditWidget"],"fullName":"DeviceEditWidget Blocca l’invio quando la validazione client-side fallisce","status":"passed","title":"Blocca l’invio quando la validazione client-side fallisce","duration":10.934499999999844,"failureMessages":[],"meta":{},"tags":[]},{"ancestorTitles":["DeviceEditWidget"],"fullName":"DeviceEditWidget Invia i dati aggiornati e ripuliti tramite PUT ed esegue il redirect in caso di successo","status":"passed","title":"Invia i dati aggiornati e ripuliti tramite PUT ed esegue il redirect in caso di successo","duration":14.488900000000058,"failureMessages":[],"meta":{},"tags":[]},{"ancestorTitles":["DeviceEditWidget"],"fullName":"DeviceEditWidget Gestisce gli errori di validazione del server e popola gli errori del form","status":"passed","title":"Gestisce gli errori di validazione del server e popola gli errori del form","duration":5.789199999999937,"failureMessages":[],"meta":{},"tags":[]},{"ancestorTitles":["DeviceEditWidget"],"fullName":"DeviceEditWidget Utilizza un messaggio di errore predefinito quando il server non restituisce errori specifici","status":"passed","title":"Utilizza un messaggio di errore predefinito quando il server non restituisce errori specifici","duration":8.507499999999936,"failureMessages":[],"meta":{},"tags":[]}],"startTime":1779220146892,"endTime":1779220146964.5076,"status":"passed","message":"","name":"C:/Users/User/Desktop/MVP/frontend/tests/unit/widgets/device/test_DeviceEditWidget.spec.js"},{"assertionResults":[{"ancestorTitles":["DeviceExportWidget"],"fullName":"DeviceExportWidget Mostra inizialmente il pulsante di esportazione e mantiene nascosto il modale","status":"passed","title":"Mostra inizialmente il pulsante di esportazione e mantiene nascosto il modale","duration":20.555699999999888,"failureMessages":[],"meta":{},"tags":[]},{"ancestorTitles":["DeviceExportWidget"],"fullName":"DeviceExportWidget Apre il modale al click, mostra il nome del dispositivo e reimposta il formato su json","status":"passed","title":"Apre il modale al click, mostra il nome del dispositivo e reimposta il formato su json","duration":15.83380000000011,"failureMessages":[],"meta":{},"tags":[]},{"ancestorTitles":["DeviceExportWidget"],"fullName":"DeviceExportWidget Chiude il modale quando viene cliccato il pulsante Annulla","status":"passed","title":"Chiude il modale quando viene cliccato il pulsante Annulla","duration":5.33179999999993,"failureMessages":[],"meta":{},"tags":[]},{"ancestorTitles":["DeviceExportWidget"],"fullName":"DeviceExportWidget Genera il link di download corretto, esegue il click e chiude automaticamente il modale","status":"passed","title":"Genera il link di download corretto, esegue il click e chiude automaticamente il modale","duration":13.176799999999957,"failureMessages":[],"meta":{},"tags":[]}],"startTime":1779220148019,"endTime":1779220148074.1768,"status":"passed","message":"","name":"C:/Users/User/Desktop/MVP/frontend/tests/unit/widgets/device/test_DeviceExportWidget.spec.js"},{"assertionResults":[{"ancestorTitles":["DeviceImportWidget"],"fullName":"DeviceImportWidget Mostra il pulsante iniziale e mantiene nascosto il modale","status":"passed","title":"Mostra il pulsante iniziale e mantiene nascosto il modale","duration":25.439300000000003,"failureMessages":[],"meta":{},"tags":[]},{"ancestorTitles":["DeviceImportWidget"],"fullName":"DeviceImportWidget Apre il modale al click e pulisce lo stato precedente","status":"passed","title":"Apre il modale al click e pulisce lo stato precedente","duration":11.349999999999909,"failureMessages":[],"meta":{},"tags":[]},{"ancestorTitles":["DeviceImportWidget"],"fullName":"DeviceImportWidget Gestisce correttamente gli eventi custom di FileDropZone","status":"passed","title":"Gestisce correttamente gli eventi custom di FileDropZone","duration":9.467399999999998,"failureMessages":[],"meta":{},"tags":[]},{"ancestorTitles":["DeviceImportWidget"],"fullName":"DeviceImportWidget Invia correttamente il FormData ed esegue il redirect in caso di successo","status":"passed","title":"Invia correttamente il FormData ed esegue il redirect in caso di successo","duration":12.057000000000016,"failureMessages":[],"meta":{},"tags":[]},{"ancestorTitles":["DeviceImportWidget"],"fullName":"DeviceImportWidget Blocca l’invio se nessun file è selezionato e gestisce gli errori del server","status":"passed","title":"Blocca l’invio se nessun file è selezionato e gestisce gli errori del server","duration":11.227400000000216,"failureMessages":[],"meta":{},"tags":[]}],"startTime":1779220148185,"endTime":1779220148254.2273,"status":"passed","message":"","name":"C:/Users/User/Desktop/MVP/frontend/tests/unit/widgets/device/test_DeviceImportWidget.spec.js"}]}